
 Ansys Mechanical Enterprise Academic Student      


 *------------------------------------------------------------------*
 |                                                                  |
 |   W E L C O M E   T O   T H E   A N S Y S (R)  P R O G R A M     |
 |                                                                  |
 *------------------------------------------------------------------*




 ***************************************************************
 *         ANSYS MAPDL 2022 R2          LEGAL NOTICES          *
 ***************************************************************
 *                                                             *
 * Copyright 1971-2022 Ansys, Inc.  All rights reserved.       *
 * Unauthorized use, distribution or duplication is            *
 * prohibited.                                                 *
 *                                                             *
 * Ansys is a registered trademark of Ansys, Inc. or its       *
 * subsidiaries in the United States or other countries.       *
 * See the Ansys, Inc. online documentation or the Ansys, Inc. *
 * documentation CD or online help for the complete Legal      *
 * Notice.                                                     *
 *                                                             *
 ***************************************************************
 *                                                             *
 * THIS ANSYS SOFTWARE PRODUCT AND PROGRAM DOCUMENTATION       *
 * INCLUDE TRADE SECRETS AND CONFIDENTIAL AND PROPRIETARY      *
 * PRODUCTS OF ANSYS, INC., ITS SUBSIDIARIES, OR LICENSORS.    *
 * The software products and documentation are furnished by    *
 * Ansys, Inc. or its subsidiaries under a software license    *
 * agreement that contains provisions concerning               *
 * non-disclosure, copying, length and nature of use,          *
 * compliance with exporting laws, warranties, disclaimers,    *
 * limitations of liability, and remedies, and other           *
 * provisions.  The software products and documentation may be *
 * used, disclosed, transferred, or copied only in accordance  *
 * with the terms and conditions of that software license      *
 * agreement.                                                  *
 *                                                             *
 * Ansys, Inc. is a UL registered                              *
 * ISO 9001:2015 company.                                      *
 *                                                             *
 ***************************************************************
 *                                                             *
 * This product is subject to U.S. laws governing export and   *
 * re-export.                                                  *
 *                                                             *
 * For U.S. Government users, except as specifically granted   *
 * by the Ansys, Inc. software license agreement, the use,     *
 * duplication, or disclosure by the United States Government  *
 * is subject to restrictions stated in the Ansys, Inc.        *
 * software license agreement and FAR 12.212 (for non-DOD      *
 * licenses).                                                  *
 *                                                             *
 ***************************************************************

 2022 R2 
     
 Point Releases and Patches installed:   
     
 Ansys, Inc. Products 2022 R2
 Autodyn 2022 R2 
 SpaceClaim 2022 R2  
 CFX (includes CFD-Post) 2022 R2 
 Chemkin 2022 R2 
 EnSight 2022 R2 
 FENSAP-ICE 2022 R2  
 Fluent (includes CFD-Post) 2022 R2  
 Polyflow (includes CFD-Post) 2022 R2
 Forte (includes EnSight) 2022 R2
 TurboGrid 2022 R2   
 Aqwa 2022 R2
 Mechanical Products 2022 R2 
 ACIS Geometry Interface 2022 R2 
 AutoCAD Geometry Interface 2022 R2  
 Catia, Version 4 Geometry Interface 2022 R2 
 Catia, Version 5 Geometry Interface 2022 R2 
 Catia, Version 6 Geometry Interface 2022 R2 
 Creo Elements/Direct Modeling Geometry Interface 2022 R2
 Creo Parametric Geometry Interface 2022 R2  
 Inventor Geometry Interface 2022 R2 
 JTOpen Geometry Interface 2022 R2   
 NX Geometry Interface 2022 R2   
 Parasolid Geometry Interface  2022 R2   
 Solid Edge Geometry Interface 2022 R2   
 SOLIDWORKS Geometry Interface 2022 R2   
 Academic Student 2022 R2


          *****  MAPDL COMMAND LINE ARGUMENTS  *****
  BATCH MODE REQUESTED (-b)    = NOLIST
  INPUT FILE COPY MODE (-c)    = COPY
  DISTRIBUTED MEMORY PARALLEL REQUESTED
       2 PARALLEL PROCESSES REQUESTED WITH SINGLE THREAD PER PROCESS
    TOTAL OF     2 CORES REQUESTED
  INPUT FILE NAME              = C:\Users\ADITYA\AppData\Local\Temp\WB_ADITYA_17968_2\_ProjectScratch\Scr0441\dummy.dat
  OUTPUT FILE NAME             = C:\Users\ADITYA\AppData\Local\Temp\WB_ADITYA_17968_2\_ProjectScratch\Scr0441\solve.out
  START-UP FILE MODE           = NOREAD
  STOP FILE MODE               = NOREAD

 RELEASE= 2022 R2              BUILD= 22.2      UP20220516   VERSION=WINDOWS x64 
 CURRENT JOBNAME=file0  20:27:03  NOV 11, 2022 CP=      0.156


 PARAMETER _DS_PROGRESS =     999.0000000    

 /INPUT FILE= ds.dat  LINE=       0



 *** NOTE ***                            CP =       0.344   TIME= 20:27:04
 The /CONFIG,NOELDB command is not valid in a distributed memory         
 parallel solution.  Command is ignored.                                 

 *GET  _WALLSTRT  FROM  ACTI  ITEM=TIME WALL  VALUE=  20.4511111    

 TITLE= 
 wbnew--Static Structural (A5)                                                 

  ACT Extensions:
      LSDYNA, 2022.2
      5f463412-bd3e-484b-87e7-cbc0a665e474, wbex
 /COM,     ANSYSMotion, 2022.2
      20180725-3f81-49eb-9f31-41364844c769, wbex
  

 SET PARAMETER DIMENSIONS ON  _WB_PROJECTSCRATCH_DIR
  TYPE=STRI  DIMENSIONS=      248        1        1

 PARAMETER _WB_PROJECTSCRATCH_DIR(1) = C:\Users\ADITYA\AppData\Local\Temp\WB_ADITYA_17968_2\_ProjectScratch\Scr0441\

 SET PARAMETER DIMENSIONS ON  _WB_SOLVERFILES_DIR
  TYPE=STRI  DIMENSIONS=      248        1        1

 PARAMETER _WB_SOLVERFILES_DIR(1) = C:\Users\ADITYA\AppData\Local\Temp\WB_ADITYA_17968_2\wbnew_files\dp0\SYS\MECH\

 SET PARAMETER DIMENSIONS ON  _WB_USERFILES_DIR
  TYPE=STRI  DIMENSIONS=      248        1        1

 PARAMETER _WB_USERFILES_DIR(1) = C:\Users\ADITYA\AppData\Local\Temp\WB_ADITYA_17968_2\wbnew_files\user_files\
 --- Data in consistent MKS units. See Solving Units in the help system for more

 MKS UNITS SPECIFIED FOR INTERNAL    
  LENGTH        (l)  = METER (M)
  MASS          (M)  = KILOGRAM (KG)
  TIME          (t)  = SECOND (SEC)
  TEMPERATURE   (T)  = CELSIUS (C)
  TOFFSET            = 273.0
  CHARGE        (Q)  = COULOMB
  FORCE         (f)  = NEWTON (N) (KG-M/SEC2)
  HEAT               = JOULE (N-M)

  PRESSURE           = PASCAL (NEWTON/M**2)
  ENERGY        (W)  = JOULE (N-M)
  POWER         (P)  = WATT (N-M/SEC)
  CURRENT       (i)  = AMPERE (COULOMBS/SEC)
  CAPACITANCE   (C)  = FARAD
  INDUCTANCE    (L)  = HENRY
  MAGNETIC FLUX      = WEBER
  RESISTANCE    (R)  = OHM
  ELECTRIC POTENTIAL = VOLT

 INPUT  UNITS ARE ALSO SET TO MKS 

 *** MAPDL - ENGINEERING ANALYSIS SYSTEM  RELEASE 2022 R2          22.2     ***
 Ansys Mechanical Enterprise Academic Student      
 00000000  VERSION=WINDOWS x64   20:27:04  NOV 11, 2022 CP=      0.344

 wbnew--Static Structural (A5)                                                 



          ***** MAPDL ANALYSIS DEFINITION (PREP7) *****
 *********** Nodes for the whole assembly ***********
 *********** Elements for Body 1 "SYS\Solid" ***********
 *********** Elements for Body 2 "SYS\Solid" ***********
 *********** Send User Defined Coordinate System(s) ***********
 *********** Set Reference Temperature ***********
 *********** Send Materials ***********
 *********** Fixed Supports ***********


 ***** ROUTINE COMPLETED *****  CP =         0.688


 --- Number of total nodes = 20777
 --- Number of contact elements = 0
 --- Number of spring elements = 0
 --- Number of bearing elements = 0
 --- Number of solid elements = 3875
 --- Number of condensed parts = 0
 --- Number of total elements = 3875

 *GET  _WALLBSOL  FROM  ACTI  ITEM=TIME WALL  VALUE=  20.4511111    
 ****************************************************************************
 *************************    SOLUTION       ********************************
 ****************************************************************************

 *****  MAPDL SOLUTION ROUTINE  *****


 PERFORM A STATIC ANALYSIS
  THIS WILL BE A NEW ANALYSIS

 PARAMETER _THICKRATIO =    0.5000000000    

 USE SPARSE MATRIX DIRECT SOLVER

 CONTACT INFORMATION PRINTOUT LEVEL       1

 DO NOT COMBINE ELEMENT MATRIX FILES (.emat) AFTER DISTRIBUTED PARALLEL SOLUTION

 DO NOT COMBINE ELEMENT SAVE DATA FILES (.esav) AFTER DISTRIBUTED PARALLEL SOLUTION

 NLDIAG: Nonlinear diagnostics CONT option is set to ON. 
         Writing frequency : each ITERATION.

 DO NOT SAVE ANY RESTART FILES AT ALL
 ****************************************************
 ******************* SOLVE FOR LS 1 OF 1 ****************

 ACEL=    0.0000      9.8067      0.0000    

 PRINTOUT RESUMED BY /GOP

 USE       1 SUBSTEPS INITIALLY THIS LOAD STEP FOR ALL  DEGREES OF FREEDOM
 FOR AUTOMATIC TIME STEPPING:
   USE      1 SUBSTEPS AS A MAXIMUM
   USE      1 SUBSTEPS AS A MINIMUM

 TIME=  1.0000    

 ERASE THE CURRENT DATABASE OUTPUT CONTROL TABLE.


 WRITE ALL  ITEMS TO THE DATABASE WITH A FREQUENCY OF NONE
   FOR ALL APPLICABLE ENTITIES

 WRITE NSOL ITEMS TO THE DATABASE WITH A FREQUENCY OF ALL 
   FOR ALL APPLICABLE ENTITIES

 WRITE RSOL ITEMS TO THE DATABASE WITH A FREQUENCY OF ALL 
   FOR ALL APPLICABLE ENTITIES

 WRITE EANG ITEMS TO THE DATABASE WITH A FREQUENCY OF ALL 
   FOR ALL APPLICABLE ENTITIES

 WRITE ETMP ITEMS TO THE DATABASE WITH A FREQUENCY OF ALL 
   FOR ALL APPLICABLE ENTITIES

 WRITE VENG ITEMS TO THE DATABASE WITH A FREQUENCY OF ALL 
   FOR ALL APPLICABLE ENTITIES

 WRITE STRS ITEMS TO THE DATABASE WITH A FREQUENCY OF ALL 
   FOR ALL APPLICABLE ENTITIES

 WRITE EPEL ITEMS TO THE DATABASE WITH A FREQUENCY OF ALL 
   FOR ALL APPLICABLE ENTITIES

 WRITE EPPL ITEMS TO THE DATABASE WITH A FREQUENCY OF ALL 
   FOR ALL APPLICABLE ENTITIES

 WRITE CONT ITEMS TO THE DATABASE WITH A FREQUENCY OF ALL 
   FOR ALL APPLICABLE ENTITIES

 *GET  ANSINTER_  FROM  ACTI  ITEM=INT        VALUE=  0.00000000    

 *IF  ANSINTER_                         ( =   0.00000     )  NE  
      0                                 ( =   0.00000     )  THEN    

 *ENDIF

 *** NOTE ***                            CP =       0.719   TIME= 20:27:04
 The automatic domain decomposition logic has selected the MESH domain   
 decomposition method with 2 processes per solution.                     

 *****  MAPDL SOLVE    COMMAND  *****

 *** WARNING ***                         CP =       0.719   TIME= 20:27:04
 Element shape checking is currently inactive.  Issue SHPP,ON or         
 SHPP,WARN to reactivate, if desired.                                    

 *** NOTE ***                            CP =       0.750   TIME= 20:27:04
 The model data was checked and warning messages were found.             
  Please review output or errors file (                                  
 C:\Users\ADITYA\AppData\Local\Temp\WB_ADITYA_17968_2\_ProjectScratch\Sc 
 cr0441\file0.err ) for these warning messages.                          

 *** SELECTION OF ELEMENT TECHNOLOGIES FOR APPLICABLE ELEMENTS ***
      --- GIVE SUGGESTIONS AND RESET THE KEY OPTIONS ---

 ELEMENT TYPE         1 IS SOLID186. KEYOPT(2)=0 IS SUGGESTED AND HAS BEEN RESET.
  KEYOPT(1-12)=    0    0    0    0    0    0    0    0    0    0    0    0

 ELEMENT TYPE         2 IS SOLID186. KEYOPT(2)=0 IS SUGGESTED AND HAS BEEN RESET.
  KEYOPT(1-12)=    0    0    0    0    0    0    0    0    0    0    0    0



 *** MAPDL - ENGINEERING ANALYSIS SYSTEM  RELEASE 2022 R2          22.2     ***
 Ansys Mechanical Enterprise Academic Student      
 00000000  VERSION=WINDOWS x64   20:27:04  NOV 11, 2022 CP=      0.750

 wbnew--Static Structural (A5)                                                 



                       S O L U T I O N   O P T I O N S

   PROBLEM DIMENSIONALITY. . . . . . . . . . . . .3-D                  
   DEGREES OF FREEDOM. . . . . . UX   UY   UZ  
   ANALYSIS TYPE . . . . . . . . . . . . . . . . .STATIC (STEADY-STATE)
   OFFSET TEMPERATURE FROM ABSOLUTE ZERO . . . . .  273.15    
   EQUATION SOLVER OPTION. . . . . . . . . . . . .SPARSE             
   GLOBALLY ASSEMBLED MATRIX . . . . . . . . . . .SYMMETRIC  

 *** NOTE ***                            CP =       0.781   TIME= 20:27:04
 The conditions for direct assembly have been met.  No .emat or .erot    
 files will be produced.                                                 

  
  
     D I S T R I B U T E D   D O M A I N   D E C O M P O S E R
  
  ...Number of elements: 3875
  ...Number of nodes:    20777
  ...Decompose to 2 CPU domains
  ...Element load balance ratio =     1.001


                      L O A D   S T E P   O P T I O N S

   LOAD STEP NUMBER. . . . . . . . . . . . . . . .     1
   TIME AT END OF THE LOAD STEP. . . . . . . . . .  1.0000    
   NUMBER OF SUBSTEPS. . . . . . . . . . . . . . .     1
   STEP CHANGE BOUNDARY CONDITIONS . . . . . . . .    NO
   INERTIA LOADS                        X           Y           Z 
      ACEL . . . . . . . . . . . .  0.0000      9.8067      0.0000    
   PRINT OUTPUT CONTROLS . . . . . . . . . . . . .NO PRINTOUT
   DATABASE OUTPUT CONTROLS
      ITEM     FREQUENCY   COMPONENT
       ALL       NONE               
      NSOL        ALL               
      RSOL        ALL               
      EANG        ALL               
      ETMP        ALL               
      VENG        ALL               
      STRS        ALL               
      EPEL        ALL               
      EPPL        ALL               
      CONT        ALL               


 SOLUTION MONITORING INFO IS WRITTEN TO FILE= file.mntr                                                                                                                                                                                                                                                           



                         ***********  PRECISE MASS SUMMARY  ***********

   TOTAL RIGID BODY MASS MATRIX ABOUT ORIGIN
               Translational mass               |   Coupled translational/rotational mass
         12.218        0.0000        0.0000     |     0.0000        4.4101      -0.24387    
         0.0000        12.218        0.0000     |    -4.4101        0.0000       0.30545    
         0.0000        0.0000        12.218     |    0.24387      -0.30545        0.0000    
     ------------------------------------------ | ------------------------------------------
                                                |         Rotational mass (inertia)
                                                |     2.2145      -0.60968E-02  -0.11025    
                                                |   -0.60968E-02    2.2183      -0.88208E-01
                                                |   -0.11025      -0.88208E-01   0.16992E-01

   TOTAL MASS =  12.218    
     The mass principal axes coincide with the global Cartesian axes

   CENTER OF MASS (X,Y,Z)=   0.25000E-01   0.19960E-01   0.36095    

   TOTAL INERTIA ABOUT CENTER OF MASS
        0.61787       0.63830E-16   0.18364E-14
        0.63830E-16   0.61881      -0.18333E-03
        0.18364E-14  -0.18333E-03   0.44881E-02
     The inertia principal axes coincide with the global Cartesian axes


  *** MASS SUMMARY BY ELEMENT TYPE ***

  TYPE      MASS
     1   11.7750    
     2  0.443083    

 Range of element maximum matrix coefficients in global coordinates
 Maximum = 5.040055766E+09 at element 3793.                              
 Minimum = 1.611123247E+09 at element 3769.                              

   *** ELEMENT MATRIX FORMULATION TIMES
     TYPE    NUMBER   ENAME      TOTAL CP  AVE CP

        1      3750  SOLID186      1.031   0.000275
        2       125  SOLID186      0.047   0.000375
 Time at end of element matrix formulation CP = 1.71875.                 

 DISTRIBUTED SPARSE MATRIX DIRECT SOLVER.
  Number of equations =       61710,    Maximum wavefront =    180

  Process memory allocated for solver              =   200.770 MB
  Process memory required for in-core solution     =   192.943 MB
  Process memory required for out-of-core solution =   102.422 MB

  Total memory allocated for solver                =   396.712 MB
  Total memory required for in-core solution       =   381.272 MB
  Total memory required for out-of-core solution   =   203.486 MB

 *** NOTE ***                            CP =       2.312   TIME= 20:27:05
 The Distributed Sparse Matrix Solver is currently running in the        
 in-core memory mode.  This memory mode uses the most amount of memory   
 in order to avoid using the hard drive as much as possible, which most  
 often results in the fastest solution time.  This mode is recommended   
 if enough physical memory is present to accommodate all of the solver   
 data.                                                                   
 curEqn=  30456  totEqn=  30456 Job CP sec=      3.766
      Factor Done= 100% Factor Wall sec=      1.037 rate=       6.6 GFlops
 Distributed sparse solver maximum pivot= 1.067806268E+10 at node 9004   
 UZ.                                                                     
 Distributed sparse solver minimum pivot= 4144351.84 at node 1236 UY.    
 Distributed sparse solver minimum pivot in absolute value= 4144351.84   
 at node 1236 UY.                                                        

   *** ELEMENT RESULT CALCULATION TIMES
     TYPE    NUMBER   ENAME      TOTAL CP  AVE CP

        1      3750  SOLID186      0.781   0.000208
        2       125  SOLID186      0.031   0.000250

   *** NODAL LOAD CALCULATION TIMES
     TYPE    NUMBER   ENAME      TOTAL CP  AVE CP

        1      3750  SOLID186      0.125   0.000033
        2       125  SOLID186      0.000   0.000000
 *** LOAD STEP     1   SUBSTEP     1  COMPLETED.    CUM ITER =      1
 *** TIME =   1.00000         TIME INC =   1.00000      NEW TRIANG MATRIX


 *** MAPDL BINARY FILE STATISTICS
  BUFFER SIZE USED= 16384
       22.000 MB WRITTEN ON ASSEMBLED MATRIX FILE: file0.full
        2.688 MB WRITTEN ON RESULTS FILE: file0.rst
 *************** Write FE CONNECTORS *********

 WRITE OUT CONSTRAINT EQUATIONS TO FILE= file.ce                                                                                                                                                                                                                                                             
 ****************************************************
 *************** FINISHED SOLVE FOR LS 1 *************

 *GET  _WALLASOL  FROM  ACTI  ITEM=TIME WALL  VALUE=  20.4519444    

 PRINTOUT RESUMED BY /GOP

 FINISH SOLUTION PROCESSING


 ***** ROUTINE COMPLETED *****  CP =         4.625



 *** MAPDL - ENGINEERING ANALYSIS SYSTEM  RELEASE 2022 R2          22.2     ***
 Ansys Mechanical Enterprise Academic Student      
 00000000  VERSION=WINDOWS x64   20:27:08  NOV 11, 2022 CP=      4.625

 wbnew--Static Structural (A5)                                                 



          ***** MAPDL RESULTS INTERPRETATION (POST1) *****

 *** NOTE ***                            CP =       4.641   TIME= 20:27:08
 Reading results into the database (SET command) will update the current 
 displacement and force boundary conditions in the database with the     
 values from the results file for that load set.  Note that any          
 subsequent solutions will use these values unless action is taken to    
 either SAVE the current values or not overwrite them (/EXIT,NOSAVE).    

 Set Encoding of XML File to:ISO-8859-1

 Set Output of XML File to:
     PARM,     ,     ,     ,     ,     ,     ,     ,     ,     ,     ,     ,
         ,     ,     ,     ,     ,     ,     ,

 DATABASE WRITTEN ON FILE  parm.xml                                                                                                                                                                                                                                                            

 EXIT THE MAPDL POST1 DATABASE PROCESSOR


 ***** ROUTINE COMPLETED *****  CP =         4.641



 PRINTOUT RESUMED BY /GOP

 *GET  _WALLDONE  FROM  ACTI  ITEM=TIME WALL  VALUE=  20.4522222    

 PARAMETER _PREPTIME =     0.000000000    

 PARAMETER _SOLVTIME =     3.000000000    

 PARAMETER _POSTTIME =     1.000000000    

 PARAMETER _TOTALTIM =     4.000000000    

 *GET  _DLBRATIO  FROM  ACTI  ITEM=SOLU DLBR  VALUE=  1.00051626    

 *GET  _COMBTIME  FROM  ACTI  ITEM=SOLU COMB  VALUE= 0.497781000E-01

 *GET  _SSMODE   FROM  ACTI  ITEM=SOLU SSMM  VALUE=  2.00000000    

 *GET  _NDOFS    FROM  ACTI  ITEM=SOLU NDOF  VALUE=  61710.0000    

 *GET  _SOL_END_TIME  FROM  ACTI  ITEM=SET  TIME  VALUE=  1.00000000    

 *IF  _sol_end_time                     ( =   1.00000     )  EQ  
      1.000000                          ( =   1.00000     )  THEN    

 /FCLEAN COMMAND REMOVING ALL LOCAL FILES

 *ENDIF
 --- Total number of nodes = 20777
 --- Total number of elements = 3875
 --- Element load balance ratio = 1.00051626
 --- Time to combine distributed files = 4.97781E-02
 --- Sparse memory mode = 2
 --- Number of DOF = 61710

 EXIT MAPDL WITHOUT SAVING DATABASE


 NUMBER OF WARNING MESSAGES ENCOUNTERED=          1
 NUMBER OF ERROR   MESSAGES ENCOUNTERED=          0

+--------------------- M A P D L   S T A T I S T I C S ------------------------+

Release: 2022 R2            Build: 22.2       Update: UP20220516   Platform: WINDOWS x64 
Date Run: 11/11/2022   Time: 20:27     Process ID: 3024
Operating System: Windows 10  (Build: 19044)

Processor Model: Intel(R) Core(TM) i7-4510U CPU @ 2.00GHz

Compiler: Intel(R) Fortran Compiler Version 19.0.5  (Build: 20190815)
          Intel(R) C/C++ Compiler Version 19.0.5  (Build: 20190815)
          Intel(R) Math Kernel Library Version 2020.0.0 Product Build 20191125
          BLAS Library supplied by Intel(R) MKL

Number of machines requested            :    1
Total number of cores available         :    4
Number of physical cores available      :    2
Number of processes requested           :    2
Number of threads per process requested :    1
Total number of cores requested         :    2 (Distributed Memory Parallel)               
MPI Type: INTELMPI
MPI Version: Intel(R) MPI Library 2021.5 for Windows* OS


GPU Acceleration: Not Requested

Job Name: file0
Input File: dummy.dat

  Core                Machine Name   Working Directory
 -----------------------------------------------------
     0                      Aditya   C:\Users\ADITYA\AppData\Local\Temp\WB_ADITYA_17968_2\_ProjectScratch\Scr0441
     1                      Aditya   C:\Users\ADITYA\AppData\Local\Temp\WB_ADITYA_17968_2\_ProjectScratch\Scr0441
 
Latency time from master to core     1 =   11.085 microseconds
 
Communication speed from master to core     1 =   561.50 MB/sec

Total CPU time for main thread                    :        4.9 seconds
Total CPU time summed for all threads             :        5.2 seconds

Elapsed time spent obtaining a license            :        0.4 seconds
Elapsed time spent pre-processing model (/PREP7)  :        0.2 seconds
Elapsed time spent solution - preprocessing       :        0.2 seconds
Elapsed time spent computing solution             :        3.4 seconds
Elapsed time spent solution - postprocessing      :        0.0 seconds
Elapsed time spent post-processing model (/POST1) :        0.0 seconds
 
Equation solver used                              :            Sparse (symmetric)
Equation solver computational rate                :       13.2 Gflops

Sum of memory used on all processes               :      485.0 MB
Sum of memory allocated on all processes          :     3136.0 MB
Physical memory available                         :          8 GB

Total amount of I/O written to disk               :        0.0 GB
Total amount of I/O read from disk                :        0.0 GB

+------------------ E N D   M A P D L   S T A T I S T I C S -------------------+


 *---------------------------------------------------------------------------*
 |                                                                           |
 |                               RUN COMPLETED                               |
 |                                                                           |
 |---------------------------------------------------------------------------|
 |                                                                           |
 |  Ansys MAPDL 2022 R2         Build 22.2         UP20220516    WINDOWS x64 |
 |                                                                           |
 |---------------------------------------------------------------------------|
 |                                                                           |
 | Database Requested(-db)  1024 MB    Scratch Memory Requested      1024 MB |
 | Maximum Database Used      10 MB    Maximum Scratch Memory Used    241 MB |
 |                                                                           |
 |---------------------------------------------------------------------------|
 |                                                                           |
 |        CP Time      (sec) =          5.219       Time  =  20:27:08        |
 |        Elapsed Time (sec) =          6.000       Date  =  11/11/2022      |
 |                                                                           |
 *---------------------------------------------------------------------------*
